Determining if the pthread_create exist failed with the following output:
Change Dir: /mnt/c/Users/hanchong/Desktop/RISCV-CPU/serial/build/CMakeFiles/CMakeTmp

Run Build Command:"/usr/bin/make" "cmTC_0e6e5/fast"
make[1]: Entering directory '/mnt/c/Users/hanchong/Desktop/RISCV-CPU/serial/build/CMakeFiles/CMakeTmp'
/usr/bin/make -f CMakeFiles/cmTC_0e6e5.dir/build.make CMakeFiles/cmTC_0e6e5.dir/build
make[2]: Entering directory '/mnt/c/Users/hanchong/Desktop/RISCV-CPU/serial/build/CMakeFiles/CMakeTmp'
Building C object CMakeFiles/cmTC_0e6e5.dir/CheckSymbolExists.c.o
/usr/bin/cc    -o CMakeFiles/cmTC_0e6e5.dir/CheckSymbolExists.c.o   -c /mnt/c/Users/hanchong/Desktop/RISCV-CPU/serial/build/CMakeFiles/CMakeTmp/CheckSymbolExists.c
Linking C executable cmTC_0e6e5
/usr/bin/cmake -E cmake_link_script CMakeFiles/cmTC_0e6e5.dir/link.txt --verbose=1
/usr/bin/cc      -rdynamic CMakeFiles/cmTC_0e6e5.dir/CheckSymbolExists.c.o  -o cmTC_0e6e5 
CMakeFiles/cmTC_0e6e5.dir/CheckSymbolExists.c.o: In function `main':
CheckSymbolExists.c:(.text+0x1b): undefined reference to `pthread_create'
collect2: error: ld returned 1 exit status
CMakeFiles/cmTC_0e6e5.dir/build.make:97: recipe for target 'cmTC_0e6e5' failed
make[2]: *** [cmTC_0e6e5] Error 1
make[2]: Leaving directory '/mnt/c/Users/hanchong/Desktop/RISCV-CPU/serial/build/CMakeFiles/CMakeTmp'
Makefile:126: recipe for target 'cmTC_0e6e5/fast' failed
make[1]: *** [cmTC_0e6e5/fast] Error 2
make[1]: Leaving directory '/mnt/c/Users/hanchong/Desktop/RISCV-CPU/serial/build/CMakeFiles/CMakeTmp'

File /mnt/c/Users/hanchong/Desktop/RISCV-CPU/serial/build/CMakeFiles/CMakeTmp/CheckSymbolExists.c:
/* */
#include <pthread.h>

int main(int argc, char** argv)
{
  (void)argv;
#ifndef pthread_create
  return ((int*)(&pthread_create))[argc];
#else
  (void)argc;
  return 0;
#endif
}

Determining if the function pthread_create exists in the pthreads failed with the following output:
Change Dir: /mnt/c/Users/hanchong/Desktop/RISCV-CPU/serial/build/CMakeFiles/CMakeTmp

Run Build Command:"/usr/bin/make" "cmTC_865ce/fast"
make[1]: Entering directory '/mnt/c/Users/hanchong/Desktop/RISCV-CPU/serial/build/CMakeFiles/CMakeTmp'
/usr/bin/make -f CMakeFiles/cmTC_865ce.dir/build.make CMakeFiles/cmTC_865ce.dir/build
make[2]: Entering directory '/mnt/c/Users/hanchong/Desktop/RISCV-CPU/serial/build/CMakeFiles/CMakeTmp'
Building C object CMakeFiles/cmTC_865ce.dir/CheckFunctionExists.c.o
/usr/bin/cc   -DCHECK_FUNCTION_EXISTS=pthread_create   -o CMakeFiles/cmTC_865ce.dir/CheckFunctionExists.c.o   -c /usr/share/cmake-3.10/Modules/CheckFunctionExists.c
Linking C executable cmTC_865ce
/usr/bin/cmake -E cmake_link_script CMakeFiles/cmTC_865ce.dir/link.txt --verbose=1
/usr/bin/cc  -DCHECK_FUNCTION_EXISTS=pthread_create    -rdynamic CMakeFiles/cmTC_865ce.dir/CheckFunctionExists.c.o  -o cmTC_865ce -lpthreads 
/usr/bin/ld: cannot find -lpthreads
collect2: error: ld returned 1 exit status
CMakeFiles/cmTC_865ce.dir/build.make:97: recipe for target 'cmTC_865ce' failed
make[2]: *** [cmTC_865ce] Error 1
make[2]: Leaving directory '/mnt/c/Users/hanchong/Desktop/RISCV-CPU/serial/build/CMakeFiles/CMakeTmp'
Makefile:126: recipe for target 'cmTC_865ce/fast' failed
make[1]: *** [cmTC_865ce/fast] Error 2
make[1]: Leaving directory '/mnt/c/Users/hanchong/Desktop/RISCV-CPU/serial/build/CMakeFiles/CMakeTmp'


